2023-04-05 12:49:10 [main] com.mg.warning.controller.AlertController.getAllFlood()
INFO: /flood/stations?stations=[42] flood alert called
2023-04-05 12:49:10 [main] com.mg.warning.controller.AlertController.getAllChildrenAndFamily()
INFO: /childAlert?address=TestAddress child alert called
2023-04-05 12:49:10 [main] com.mg.warning.controller.AlertController.getAllChildrenAndFamily()
ERROR: l'adresse TestAddress n'existe pas ou ne comporte pas d'enfants
2023-04-05 12:49:10 [main] com.mg.warning.controller.AlertController.getAllFire()
INFO: /fire?address=TestAddress fire alert called
2023-04-05 12:49:10 [main] com.mg.warning.controller.AlertController.getAllFire()
ERROR: l'adresse TestAddress n'existe pas
2023-04-05 12:49:10 [main] com.mg.warning.controller.AlertController.getAllPhone()
INFO: /phoneAlert?firestation=42 phone alert called
2023-04-05 12:49:10 [main] com.mg.warning.controller.AlertController.getAllEmail()
INFO: /communityEmail?city=Paris child alert called
2023-04-05 12:49:10 [main] com.mg.warning.controller.AlertController.getAllEmail()
ERROR: la ville Paris n'existe pas
2023-04-05 12:49:10 [main] com.mg.warning.controller.AlertController.getAllPersonInfo()
INFO: /personInfo?firstName=Bobby&lastName=Dupont person info alert called
2023-04-05 12:49:10 [main] com.mg.warning.controller.AlertController.getAllPersonInfo()
ERROR: Bobby Dupont n'existe pas
2023-04-05 12:49:10 [main] com.mg.warning.controller.AlertController.getAllPersonInfo()
INFO: /personInfo?firstName=Bobby&lastName=Dupont person info alert called
2023-04-05 12:49:10 [main] com.mg.warning.controller.AlertController.getAllFirestation()
INFO: /firestation?stationNumber=42 firestation alert called
2023-04-05 12:49:10 [main] com.mg.warning.controller.AlertController.getAllChildrenAndFamily()
INFO: /childAlert?address=TestAddress child alert called
2023-04-05 12:49:10 [main] com.mg.warning.controller.AlertController.getAllFlood()
INFO: /flood/stations?stations=[42] flood alert called
2023-04-05 12:49:10 [main] com.mg.warning.controller.AlertController.getAllFlood()
ERROR: la station n°[I@7af1d072 n'existe pas
2023-04-05 12:49:10 [main] com.mg.warning.controller.AlertController.getAllFirestation()
INFO: /firestation?stationNumber=42 firestation alert called
2023-04-05 12:49:10 [main] com.mg.warning.controller.AlertController.getAllFirestation()
ERROR: la station n°42 n'existe pas
2023-04-05 12:49:10 [main] com.mg.warning.controller.AlertController.getAllFire()
INFO: /fire?address=TestAddress fire alert called
2023-04-05 12:49:10 [main] com.mg.warning.controller.AlertController.getAllPhone()
INFO: /phoneAlert?firestation=42 phone alert called
2023-04-05 12:49:10 [main] com.mg.warning.controller.AlertController.getAllPhone()
ERROR: la station n°42 n'existe pas
2023-04-05 12:49:10 [main] com.mg.warning.controller.AlertController.getAllEmail()
INFO: /communityEmail?city=Paris child alert called
2023-04-05 12:49:12 [main] com.mg.warning.configuration.ReadJSON.readEntities()
INFO: JSON imported successfully
2023-04-05 12:49:12 [main] com.mg.warning.configuration.Initialize.saveData()
INFO: Entities written successfully
2023-04-05 12:49:12 [main] com.mg.warning.service.ChildAlertService.getChildrenWithFamilyDTO()
INFO: getChildrenWithFamilyDTO executed successfully
2023-04-05 12:49:12 [main] com.mg.warning.service.ChildAlertService.getChildrenWithFamilyDTO()
INFO: getChildrenWithFamilyDTO executed successfully
2023-04-05 12:49:12 [main] com.mg.warning.service.EmailAlertService.getEmailDTO()
INFO: getEmailDTO executed successfully
2023-04-05 12:49:12 [main] com.mg.warning.service.FireAlertService.getFireDTO()
INFO: getFireDTO executed successfully
2023-04-05 12:49:12 [main] com.mg.warning.service.FirestationAlertService.getFirestationAlertDTOWithSum()
INFO: getFirestationAlertDTOWithSum executed successfully
2023-04-05 12:49:12 [main] com.mg.warning.service.FirestationAlertService.getFirestationAlertDTOWithSum()
INFO: getFirestationAlertDTOWithSum executed successfully
2023-04-05 12:49:12 [main] com.mg.warning.service.FloodAlertService.getFloodDTO()
INFO: getFloodDTO executed successfully
2023-04-05 12:49:12 [main] com.mg.warning.service.PersonInfoAlertService.getPersonInfoDTO()
INFO: getPersonInfoDTO executed successfully
2023-04-05 12:49:12 [main] com.mg.warning.service.PhoneAlertService.getPhoneDTO()
INFO: getPhoneDTO executed successfully
2023-04-05 12:49:13 [main] com.mg.warning.controller.FirestationController.delOnePerson()
INFO: /person function update called for firestation number : 42
2023-04-05 12:49:13 [main] com.mg.warning.controller.FirestationController.postOneFirestation()
INFO: /person function post called for firestation : TestAddress, number : 1
2023-04-05 12:49:13 [main] com.mg.warning.controller.FirestationController.getAllFirestation()
INFO: /person function get all called
2023-04-05 12:49:13 [main] com.mg.warning.controller.FirestationController.getAllFirestation()
INFO: /person function get all called
2023-04-05 12:49:13 [main] com.mg.warning.controller.FirestationController.updateOnePerson()
INFO: /person function update called for firestation : TestAddress, number : 42
2023-04-05 12:49:14 [main] com.mg.warning.controller.MedicalRecordController.delOneMedicalRecord()
INFO: /medicalRecord function delete called for TestFirstName, testLastName
2023-04-05 12:49:14 [main] com.mg.warning.controller.MedicalRecordController.postOneMedicalRecord()
INFO: /medicalRecord function post called for TestFirstName1, TestLastName1
2023-04-05 12:49:14 [main] com.mg.warning.controller.MedicalRecordController.getAllMedicalRecords()
INFO: /medicalRecord/GetAll function get all called
2023-04-05 12:49:14 [main] com.mg.warning.controller.MedicalRecordController.updateOneMedicalRecord()
INFO: /medicalRecord function update called for TestFirstName1, TestLastName1
2023-04-05 12:49:14 [main] com.mg.warning.controller.MedicalRecordController.getAllMedicalRecords()
INFO: /medicalRecord/GetAll function get all called
2023-04-05 12:49:14 [main] com.mg.warning.controller.PersonController.delOnePerson()
INFO: /person function delete called for TestFirstName, testLastName
2023-04-05 12:49:14 [main] com.mg.warning.controller.PersonController.postOnePerson()
INFO: /person function post called for TestFirstName1, TestLastName1
2023-04-05 12:49:14 [main] com.mg.warning.controller.PersonController.getAllPersons()
INFO: /person function get all called
2023-04-05 12:49:14 [main] com.mg.warning.controller.PersonController.updateOnePerson()
INFO: /person function update called for TestFirstName1, TestLastName1
2023-04-05 12:49:14 [main] com.mg.warning.controller.PersonController.getAllPersons()
INFO: /person function get all called
